2022-12-21 15:57:33 - INFO - __main__[line:298]: Starting training:
                            epochs:                        50
                            Batch size:                    4
                            Learning rate:                 0.0001
                            Checkpoints:                   False
                            input channels:                3
                            output channels (classes):     1
                            model:                         U_Net
                            DataSet:                       STARE
                            Scal:                          False
                            Device:                        cuda
                            Remarks:                       
                        
2022-12-21 16:03:02 - INFO - __main__[line:296]: Starting training:
                            epochs:                        50
                            Batch size:                    4
                            Learning rate:                 0.0001
                            Checkpoints:                   False
                            input channels:                3
                            output channels (classes):     1
                            model:                         U_Net
                            DataSet:                       STARE
                            Scal:                          False
                            Device:                        cuda
                            Remarks:                       
                        
2022-12-21 16:05:10 - INFO - __main__[line:296]: Starting training:
                            epochs:                        50
                            Batch size:                    4
                            Learning rate:                 0.0001
                            Checkpoints:                   False
                            input channels:                3
                            output channels (classes):     1
                            model:                         U_Net
                            DataSet:                       STARE
                            Scal:                          False
                            Device:                        cuda
                            Remarks:                       
                        
2022-12-21 16:12:32 - INFO - __main__[line:208]: Starting training:
                                epochs:                        3000
                                Batch size:                    2
                                Learning rate:                 0.0001
                                Checkpoints:                   False
                                input channels:                3
                                output channels (classes):     1
                                model:                         U_Net
                                DataSet:                       Knee
                                Scal:                          False
                                Device:                        cuda
                                Remarks:                       
                            
2022-12-21 16:13:11 - INFO - __main__[line:208]: Starting training:
                                epochs:                        3000
                                Batch size:                    2
                                Learning rate:                 0.0001
                                Checkpoints:                   False
                                input channels:                3
                                output channels (classes):     1
                                model:                         ourNet5
                                DataSet:                       STARE
                                Scal:                          False
                                Device:                        cuda
                                Remarks:                       
                            
